<?xml version="1.0" encoding="UTF-8"?>
<!-- Generated by org.testng.reporters.JUnitReportReporter -->
<testsuite skipped="0" hostname="DESKTOP-KR4B5KR" name="runner.CucumberRunnerClass" tests="1" failures="0" timestamp="2021-01-09T15:18:41 EST" time="117.208" errors="0">
  <testcase name="runScenario" time="117.208" classname="runner.CucumberRunnerClass"/>
  <system-out/>
</testsuite> <!-- runner.CucumberRunnerClass -->
