<?xml version="1.0" encoding="UTF-8"?>
<!-- Generated by org.testng.reporters.JUnitReportReporter -->
<testsuite skipped="1" hostname="DESKTOP-KR4B5KR" name="io.qameta.allure.examples.cucumber5.CucumberTest" tests="1" failures="0" timestamp="2020-12-16T20:55:18 EST" time="1.843" errors="0">
  <testcase name="runScenario" time="1.843" classname="io.qameta.allure.examples.cucumber5.CucumberTest">
    <skipped/>
  </testcase> <!-- runScenario -->
  <system-out/>
</testsuite> <!-- io.qameta.allure.examples.cucumber5.CucumberTest -->
